<?xml version="1.0" encoding="UTF-8"?>
<testsuite name="com.fastcampus.oop.service.SortServiceTest" tests="1" skipped="0" failures="0" errors="0" timestamp="2023-01-30T09:53:04" hostname="Yejis-MacBook-Pro.local" time="0.021">
  <properties/>
  <testcase name="test()" classname="com.fastcampus.oop.service.SortServiceTest" time="0.021"/>
  <system-out><![CDATA[[구현체] com.fastcampus.oop.logic.JavaSort
]]></system-out>
  <system-err><![CDATA[]]></system-err>
</testsuite>
